1613478757.773889 client started (62945): version 3.1c, socket /private/tmp/tmux-1629949044/default, protocol 8
1613478757.773969 on Darwin 20.2.0 Darwin Kernel Version 20.2.0: Wed Dec  2 20:39:59 PST 2020; root:xnu-7195.60.75~1/RELEASE_X86_64; libevent 2.1.12-stable (select)
1613478757.774035 socket is /private/tmp/tmux-1629949044/default
1613478757.774068 trying connect
1613478757.774206 add peer 0x7f8519531000: 6 (0x0)
1613478757.776797 sending message 100 to peer 0x7f8519531000 (4 bytes)
1613478757.776842 sending message 101 to peer 0x7f8519531000 (15 bytes)
1613478757.776857 sending message 102 to peer 0x7f8519531000 (13 bytes)
1613478757.776870 sending message 108 to peer 0x7f8519531000 (48 bytes)
1613478757.776898 sending message 104 to peer 0x7f8519531000 (0 bytes)
1613478757.776912 sending message 107 to peer 0x7f8519531000 (4 bytes)
1613478757.776926 sending message 105 to peer 0x7f8519531000 (23 bytes)
1613478757.776938 sending message 105 to peer 0x7f8519531000 (20 bytes)
1613478757.776950 sending message 105 to peer 0x7f8519531000 (15 bytes)
1613478757.776961 sending message 105 to peer 0x7f8519531000 (57 bytes)
1613478757.776972 sending message 105 to peer 0x7f8519531000 (28 bytes)
1613478757.776983 sending message 105 to peer 0x7f8519531000 (60 bytes)
1613478757.776994 sending message 105 to peer 0x7f8519531000 (14 bytes)
1613478757.777006 sending message 105 to peer 0x7f8519531000 (22 bytes)
1613478757.777017 sending message 105 to peer 0x7f8519531000 (66 bytes)
1613478757.777028 sending message 105 to peer 0x7f8519531000 (32 bytes)
1613478757.777039 sending message 105 to peer 0x7f8519531000 (84 bytes)
1613478757.777050 sending message 105 to peer 0x7f8519531000 (43 bytes)
1613478757.777060 sending message 105 to peer 0x7f8519531000 (52 bytes)
1613478757.777071 sending message 105 to peer 0x7f8519531000 (75 bytes)
1613478757.777082 sending message 105 to peer 0x7f8519531000 (22 bytes)
1613478757.777094 sending message 105 to peer 0x7f8519531000 (14 bytes)
1613478757.777105 sending message 105 to peer 0x7f8519531000 (19 bytes)
1613478757.777116 sending message 105 to peer 0x7f8519531000 (8 bytes)
1613478757.777130 sending message 105 to peer 0x7f8519531000 (21 bytes)
1613478757.777141 sending message 105 to peer 0x7f8519531000 (14 bytes)
1613478757.777151 sending message 105 to peer 0x7f8519531000 (27 bytes)
1613478757.777162 sending message 105 to peer 0x7f8519531000 (61 bytes)
1613478757.777173 sending message 105 to peer 0x7f8519531000 (17 bytes)
1613478757.777184 sending message 105 to peer 0x7f8519531000 (19 bytes)
1613478757.777195 sending message 105 to peer 0x7f8519531000 (20 bytes)
1613478757.777210 sending message 105 to peer 0x7f8519531000 (51 bytes)
1613478757.777222 sending message 105 to peer 0x7f8519531000 (31 bytes)
1613478757.777233 sending message 105 to peer 0x7f8519531000 (11 bytes)
1613478757.777245 sending message 105 to peer 0x7f8519531000 (8 bytes)
1613478757.777257 sending message 105 to peer 0x7f8519531000 (32 bytes)
1613478757.777268 sending message 105 to peer 0x7f8519531000 (15 bytes)
1613478757.777279 sending message 105 to peer 0x7f8519531000 (22 bytes)
1613478757.777290 sending message 106 to peer 0x7f8519531000 (0 bytes)
1613478757.777305 sending message 200 to peer 0x7f8519531000 (4 bytes)
1613478757.777318 client loop enter
1613478757.781597 peer 0x7f8519531000 message 207
1613478757.781654 sending message 208 to peer 0x7f8519531000 (0 bytes)
1613478766.719369 peer 0x7f8519531000 message 201
1613478766.719449 sending message 205 to peer 0x7f8519531000 (0 bytes)
1613478766.720086 peer 0x7f8519531000 message 204
1613478766.720130 client loop exit
